package configuration for libxslt is not found
package configuration for libxml-2.0 is not found
package configuration for libiconv is not found
find_header: checking for libxml/parser.h... -------------------- yes

"/usr/bin/clang -o conftest -I/Users/crashlytics/buildAgent/work/2484be8b71880c21/bundle-2.28.3/fastlane_lib/bundle/include/ruby-2.2.0/x86_64-darwin15 -I/Users/crashlytics/buildAgent/work/2484be8b71880c21/bundle-2.28.3/fastlane_lib/bundle/include/ruby-2.2.0/ruby/backward -I/Users/crashlytics/buildAgent/work/2484be8b71880c21/bundle-2.28.3/fastlane_lib/bundle/include/ruby-2.2.0 -I. -I/opt/local/include/libxml2 -I/usr/local/include/libxml2 -I/Users/crashlytics/buildAgent/work/2484be8b71880c21/bundle-2.28.3/fastlane_lib/bundle/include/libxml2 -I/opt/local/include -I/usr/local/include -I/Users/crashlytics/buildAgent/work/2484be8b71880c21/bundle-2.28.3/fastlane_lib/bundle/include -I/Applications/Xcode-7.3.1.app/Contents/Developer/Platforms/MacOSX.platform/Developer/SDKs/MacOSX10.11.sdk/usr/include/libxml2 -I/usr/include -I/usr/include/libxml2 -I/Users/crashlytics/buildAgent/work/2484be8b71880c21/bundle-2.28.3/fastlane_lib/dependencies/include -D_XOPEN_SOURCE -D_DARWIN_C_SOURCE -D_DARWIN_UNLIMITED_SELECT -D_REENTRANT   -mmacosx-version-min=10.10 -isysroot /Applications/Xcode-7.3.1.app/Contents/Developer/Platforms/MacOSX.platform/Developer/SDKs/MacOSX10.11.sdk -pipe -mmacosx-version-min=10.10 -isysroot /Applications/Xcode-7.3.1.app/Contents/Developer/Platforms/MacOSX.platform/Developer/SDKs/MacOSX10.11.sdk -g -DXP_UNIX conftest.c  -L/opt/local/lib -L/usr/local/lib -L/Users/crashlytics/buildAgent/work/2484be8b71880c21/bundle-2.28.3/fastlane_lib/bundle/lib -L/usr/lib -L. -L/Users/crashlytics/buildAgent/work/2484be8b71880c21/bundle-2.28.3/fastlane_lib/bundle/lib -L. -L/Users/crashlytics/buildAgent/work/2484be8b71880c21/bundle-2.28.3/fastlane_lib/dependencies/lib -fstack-protector     -lruby-static -framework CoreFoundation  -lpthread -ldl -lobjc  "
ld: warning: directory not found for option '-L/opt/local/lib'
checked program was:
/* begin */
1: #include "ruby.h"
2: 
3: int main(int argc, char **argv)
4: {
5:   return 0;
6: }
/* end */

"/usr/bin/clang -E -I/Users/crashlytics/buildAgent/work/2484be8b71880c21/bundle-2.28.3/fastlane_lib/bundle/include/ruby-2.2.0/x86_64-darwin15 -I/Users/crashlytics/buildAgent/work/2484be8b71880c21/bundle-2.28.3/fastlane_lib/bundle/include/ruby-2.2.0/ruby/backward -I/Users/crashlytics/buildAgent/work/2484be8b71880c21/bundle-2.28.3/fastlane_lib/bundle/include/ruby-2.2.0 -I. -I/opt/local/include/libxml2 -I/usr/local/include/libxml2 -I/Users/crashlytics/buildAgent/work/2484be8b71880c21/bundle-2.28.3/fastlane_lib/bundle/include/libxml2 -I/opt/local/include -I/usr/local/include -I/Users/crashlytics/buildAgent/work/2484be8b71880c21/bundle-2.28.3/fastlane_lib/bundle/include -I/Applications/Xcode-7.3.1.app/Contents/Developer/Platforms/MacOSX.platform/Developer/SDKs/MacOSX10.11.sdk/usr/include/libxml2 -I/usr/include -I/usr/include/libxml2 -I/Users/crashlytics/buildAgent/work/2484be8b71880c21/bundle-2.28.3/fastlane_lib/dependencies/include -D_XOPEN_SOURCE -D_DARWIN_C_SOURCE -D_DARWIN_UNLIMITED_SELECT -D_REENTRANT   -mmacosx-version-min=10.10 -isysroot /Applications/Xcode-7.3.1.app/Contents/Developer/Platforms/MacOSX.platform/Developer/SDKs/MacOSX10.11.sdk -pipe -mmacosx-version-min=10.10 -isysroot /Applications/Xcode-7.3.1.app/Contents/Developer/Platforms/MacOSX.platform/Developer/SDKs/MacOSX10.11.sdk -g -DXP_UNIX  conftest.c -o conftest.i"
checked program was:
/* begin */
1: #include "ruby.h"
2: 
3: #include <libxml/parser.h>
/* end */

--------------------

find_header: checking for libxslt/xslt.h... -------------------- yes

"/usr/bin/clang -E -I/Users/crashlytics/buildAgent/work/2484be8b71880c21/bundle-2.28.3/fastlane_lib/bundle/include/ruby-2.2.0/x86_64-darwin15 -I/Users/crashlytics/buildAgent/work/2484be8b71880c21/bundle-2.28.3/fastlane_lib/bundle/include/ruby-2.2.0/ruby/backward -I/Users/crashlytics/buildAgent/work/2484be8b71880c21/bundle-2.28.3/fastlane_lib/bundle/include/ruby-2.2.0 -I. -I/opt/local/include/libxml2 -I/usr/local/include/libxml2 -I/Users/crashlytics/buildAgent/work/2484be8b71880c21/bundle-2.28.3/fastlane_lib/bundle/include/libxml2 -I/opt/local/include -I/usr/local/include -I/Users/crashlytics/buildAgent/work/2484be8b71880c21/bundle-2.28.3/fastlane_lib/bundle/include -I/Applications/Xcode-7.3.1.app/Contents/Developer/Platforms/MacOSX.platform/Developer/SDKs/MacOSX10.11.sdk/usr/include/libxml2 -I/usr/include -I/usr/include/libxml2 -I/Users/crashlytics/buildAgent/work/2484be8b71880c21/bundle-2.28.3/fastlane_lib/dependencies/include -D_XOPEN_SOURCE -D_DARWIN_C_SOURCE -D_DARWIN_UNLIMITED_SELECT -D_REENTRANT   -mmacosx-version-min=10.10 -isysroot /Applications/Xcode-7.3.1.app/Contents/Developer/Platforms/MacOSX.platform/Developer/SDKs/MacOSX10.11.sdk -pipe -mmacosx-version-min=10.10 -isysroot /Applications/Xcode-7.3.1.app/Contents/Developer/Platforms/MacOSX.platform/Developer/SDKs/MacOSX10.11.sdk -g -DXP_UNIX  conftest.c -o conftest.i"
checked program was:
/* begin */
1: #include "ruby.h"
2: 
3: #include <libxslt/xslt.h>
/* end */

--------------------

find_header: checking for libexslt/exslt.h... -------------------- yes

"/usr/bin/clang -E -I/Users/crashlytics/buildAgent/work/2484be8b71880c21/bundle-2.28.3/fastlane_lib/bundle/include/ruby-2.2.0/x86_64-darwin15 -I/Users/crashlytics/buildAgent/work/2484be8b71880c21/bundle-2.28.3/fastlane_lib/bundle/include/ruby-2.2.0/ruby/backward -I/Users/crashlytics/buildAgent/work/2484be8b71880c21/bundle-2.28.3/fastlane_lib/bundle/include/ruby-2.2.0 -I. -I/opt/local/include/libxml2 -I/usr/local/include/libxml2 -I/Users/crashlytics/buildAgent/work/2484be8b71880c21/bundle-2.28.3/fastlane_lib/bundle/include/libxml2 -I/opt/local/include -I/usr/local/include -I/Users/crashlytics/buildAgent/work/2484be8b71880c21/bundle-2.28.3/fastlane_lib/bundle/include -I/Applications/Xcode-7.3.1.app/Contents/Developer/Platforms/MacOSX.platform/Developer/SDKs/MacOSX10.11.sdk/usr/include/libxml2 -I/usr/include -I/usr/include/libxml2 -I/Users/crashlytics/buildAgent/work/2484be8b71880c21/bundle-2.28.3/fastlane_lib/dependencies/include -D_XOPEN_SOURCE -D_DARWIN_C_SOURCE -D_DARWIN_UNLIMITED_SELECT -D_REENTRANT   -mmacosx-version-min=10.10 -isysroot /Applications/Xcode-7.3.1.app/Contents/Developer/Platforms/MacOSX.platform/Developer/SDKs/MacOSX10.11.sdk -pipe -mmacosx-version-min=10.10 -isysroot /Applications/Xcode-7.3.1.app/Contents/Developer/Platforms/MacOSX.platform/Developer/SDKs/MacOSX10.11.sdk -g -DXP_UNIX  conftest.c -o conftest.i"
checked program was:
/* begin */
1: #include "ruby.h"
2: 
3: #include <libexslt/exslt.h>
/* end */

--------------------

have_func: checking for iconv_open() in iconv.h... -------------------- no

"/usr/bin/clang -o conftest -I/Users/crashlytics/buildAgent/work/2484be8b71880c21/bundle-2.28.3/fastlane_lib/bundle/include/ruby-2.2.0/x86_64-darwin15 -I/Users/crashlytics/buildAgent/work/2484be8b71880c21/bundle-2.28.3/fastlane_lib/bundle/include/ruby-2.2.0/ruby/backward -I/Users/crashlytics/buildAgent/work/2484be8b71880c21/bundle-2.28.3/fastlane_lib/bundle/include/ruby-2.2.0 -I. -I/opt/local/include/libxml2 -I/usr/local/include/libxml2 -I/Users/crashlytics/buildAgent/work/2484be8b71880c21/bundle-2.28.3/fastlane_lib/bundle/include/libxml2 -I/opt/local/include -I/usr/local/include -I/Users/crashlytics/buildAgent/work/2484be8b71880c21/bundle-2.28.3/fastlane_lib/bundle/include -I/Applications/Xcode-7.3.1.app/Contents/Developer/Platforms/MacOSX.platform/Developer/SDKs/MacOSX10.11.sdk/usr/include/libxml2 -I/usr/include -I/usr/include/libxml2 -I/Users/crashlytics/buildAgent/work/2484be8b71880c21/bundle-2.28.3/fastlane_lib/dependencies/include -D_XOPEN_SOURCE -D_DARWIN_C_SOURCE -D_DARWIN_UNLIMITED_SELECT -D_REENTRANT   -mmacosx-version-min=10.10 -isysroot /Applications/Xcode-7.3.1.app/Contents/Developer/Platforms/MacOSX.platform/Developer/SDKs/MacOSX10.11.sdk -pipe -mmacosx-version-min=10.10 -isysroot /Applications/Xcode-7.3.1.app/Contents/Developer/Platforms/MacOSX.platform/Developer/SDKs/MacOSX10.11.sdk -g -DXP_UNIX conftest.c  -L/opt/local/lib -L/usr/local/lib -L/Users/crashlytics/buildAgent/work/2484be8b71880c21/bundle-2.28.3/fastlane_lib/bundle/lib -L/usr/lib -L. -L/Users/crashlytics/buildAgent/work/2484be8b71880c21/bundle-2.28.3/fastlane_lib/bundle/lib -L. -L/Users/crashlytics/buildAgent/work/2484be8b71880c21/bundle-2.28.3/fastlane_lib/dependencies/lib -fstack-protector     -lruby-static -framework CoreFoundation  -lpthread -ldl -lobjc  "
ld: warning: directory not found for option '-L/opt/local/lib'
Undefined symbols for architecture x86_64:
  "_iconv_open", referenced from:
      _t in conftest-c59061.o
ld: symbol(s) not found for architecture x86_64
clang: error: linker command failed with exit code 1 (use -v to see invocation)
checked program was:
/* begin */
 1: #include "ruby.h"
 2: 
 3: #include <iconv.h>
 4: 
 5: /*top*/
 6: extern int t(void);
 7: int main(int argc, char **argv)
 8: {
 9:   if (argc > 1000000) {
10:     printf("%p", &t);
11:   }
12: 
13:   return 0;
14: }
15: int t(void) { void ((*volatile p)()); p = (void ((*)()))iconv_open; return 0; }
/* end */

"/usr/bin/clang -o conftest -I/Users/crashlytics/buildAgent/work/2484be8b71880c21/bundle-2.28.3/fastlane_lib/bundle/include/ruby-2.2.0/x86_64-darwin15 -I/Users/crashlytics/buildAgent/work/2484be8b71880c21/bundle-2.28.3/fastlane_lib/bundle/include/ruby-2.2.0/ruby/backward -I/Users/crashlytics/buildAgent/work/2484be8b71880c21/bundle-2.28.3/fastlane_lib/bundle/include/ruby-2.2.0 -I. -I/opt/local/include/libxml2 -I/usr/local/include/libxml2 -I/Users/crashlytics/buildAgent/work/2484be8b71880c21/bundle-2.28.3/fastlane_lib/bundle/include/libxml2 -I/opt/local/include -I/usr/local/include -I/Users/crashlytics/buildAgent/work/2484be8b71880c21/bundle-2.28.3/fastlane_lib/bundle/include -I/Applications/Xcode-7.3.1.app/Contents/Developer/Platforms/MacOSX.platform/Developer/SDKs/MacOSX10.11.sdk/usr/include/libxml2 -I/usr/include -I/usr/include/libxml2 -I/Users/crashlytics/buildAgent/work/2484be8b71880c21/bundle-2.28.3/fastlane_lib/dependencies/include -D_XOPEN_SOURCE -D_DARWIN_C_SOURCE -D_DARWIN_UNLIMITED_SELECT -D_REENTRANT   -mmacosx-version-min=10.10 -isysroot /Applications/Xcode-7.3.1.app/Contents/Developer/Platforms/MacOSX.platform/Developer/SDKs/MacOSX10.11.sdk -pipe -mmacosx-version-min=10.10 -isysroot /Applications/Xcode-7.3.1.app/Contents/Developer/Platforms/MacOSX.platform/Developer/SDKs/MacOSX10.11.sdk -g -DXP_UNIX conftest.c  -L/opt/local/lib -L/usr/local/lib -L/Users/crashlytics/buildAgent/work/2484be8b71880c21/bundle-2.28.3/fastlane_lib/bundle/lib -L/usr/lib -L. -L/Users/crashlytics/buildAgent/work/2484be8b71880c21/bundle-2.28.3/fastlane_lib/bundle/lib -L. -L/Users/crashlytics/buildAgent/work/2484be8b71880c21/bundle-2.28.3/fastlane_lib/dependencies/lib -fstack-protector     -lruby-static -framework CoreFoundation  -lpthread -ldl -lobjc  "
conftest.c:15:26: error: too few arguments to function call, expected 2, have 0
int t(void) { iconv_open(); return 0; }
              ~~~~~~~~~~ ^
/usr/include/iconv.h:62:1: note: 'iconv_open' declared here
iconv_t iconv_open (const char* /*tocode*/, const char* /*fromcode*/);
^
1 error generated.
checked program was:
/* begin */
 1: #include "ruby.h"
 2: 
 3: #include <iconv.h>
 4: 
 5: /*top*/
 6: extern int t(void);
 7: int main(int argc, char **argv)
 8: {
 9:   if (argc > 1000000) {
10:     printf("%p", &t);
11:   }
12: 
13:   return 0;
14: }
15: int t(void) { iconv_open(); return 0; }
/* end */

--------------------

have_library: checking for iconv_open() in -liconv... -------------------- yes

"/usr/bin/clang -o conftest -I/Users/crashlytics/buildAgent/work/2484be8b71880c21/bundle-2.28.3/fastlane_lib/bundle/include/ruby-2.2.0/x86_64-darwin15 -I/Users/crashlytics/buildAgent/work/2484be8b71880c21/bundle-2.28.3/fastlane_lib/bundle/include/ruby-2.2.0/ruby/backward -I/Users/crashlytics/buildAgent/work/2484be8b71880c21/bundle-2.28.3/fastlane_lib/bundle/include/ruby-2.2.0 -I. -I/opt/local/include/libxml2 -I/usr/local/include/libxml2 -I/Users/crashlytics/buildAgent/work/2484be8b71880c21/bundle-2.28.3/fastlane_lib/bundle/include/libxml2 -I/opt/local/include -I/usr/local/include -I/Users/crashlytics/buildAgent/work/2484be8b71880c21/bundle-2.28.3/fastlane_lib/bundle/include -I/Applications/Xcode-7.3.1.app/Contents/Developer/Platforms/MacOSX.platform/Developer/SDKs/MacOSX10.11.sdk/usr/include/libxml2 -I/usr/include -I/usr/include/libxml2 -I/Users/crashlytics/buildAgent/work/2484be8b71880c21/bundle-2.28.3/fastlane_lib/dependencies/include -D_XOPEN_SOURCE -D_DARWIN_C_SOURCE -D_DARWIN_UNLIMITED_SELECT -D_REENTRANT   -mmacosx-version-min=10.10 -isysroot /Applications/Xcode-7.3.1.app/Contents/Developer/Platforms/MacOSX.platform/Developer/SDKs/MacOSX10.11.sdk -pipe -mmacosx-version-min=10.10 -isysroot /Applications/Xcode-7.3.1.app/Contents/Developer/Platforms/MacOSX.platform/Developer/SDKs/MacOSX10.11.sdk -g -DXP_UNIX conftest.c  -L/opt/local/lib -L/usr/local/lib -L/Users/crashlytics/buildAgent/work/2484be8b71880c21/bundle-2.28.3/fastlane_lib/bundle/lib -L/usr/lib -L. -L/Users/crashlytics/buildAgent/work/2484be8b71880c21/bundle-2.28.3/fastlane_lib/bundle/lib -L. -L/Users/crashlytics/buildAgent/work/2484be8b71880c21/bundle-2.28.3/fastlane_lib/dependencies/lib -fstack-protector     -lruby-static -framework CoreFoundation -liconv  -lpthread -ldl -lobjc  "
ld: warning: directory not found for option '-L/opt/local/lib'
checked program was:
/* begin */
 1: #include "ruby.h"
 2: 
 3: #include <iconv.h>
 4: 
 5: /*top*/
 6: extern int t(void);
 7: int main(int argc, char **argv)
 8: {
 9:   if (argc > 1000000) {
10:     printf("%p", &t);
11:   }
12: 
13:   return 0;
14: }
15: int t(void) { void ((*volatile p)()); p = (void ((*)()))iconv_open; return 0; }
/* end */

--------------------

find_library: checking for xmlParseDoc() in -lxml2... -------------------- yes

"/usr/bin/clang -o conftest -I/Users/crashlytics/buildAgent/work/2484be8b71880c21/bundle-2.28.3/fastlane_lib/bundle/include/ruby-2.2.0/x86_64-darwin15 -I/Users/crashlytics/buildAgent/work/2484be8b71880c21/bundle-2.28.3/fastlane_lib/bundle/include/ruby-2.2.0/ruby/backward -I/Users/crashlytics/buildAgent/work/2484be8b71880c21/bundle-2.28.3/fastlane_lib/bundle/include/ruby-2.2.0 -I. -I/opt/local/include/libxml2 -I/usr/local/include/libxml2 -I/Users/crashlytics/buildAgent/work/2484be8b71880c21/bundle-2.28.3/fastlane_lib/bundle/include/libxml2 -I/opt/local/include -I/usr/local/include -I/Users/crashlytics/buildAgent/work/2484be8b71880c21/bundle-2.28.3/fastlane_lib/bundle/include -I/Applications/Xcode-7.3.1.app/Contents/Developer/Platforms/MacOSX.platform/Developer/SDKs/MacOSX10.11.sdk/usr/include/libxml2 -I/usr/include -I/usr/include/libxml2 -I/Users/crashlytics/buildAgent/work/2484be8b71880c21/bundle-2.28.3/fastlane_lib/dependencies/include -D_XOPEN_SOURCE -D_DARWIN_C_SOURCE -D_DARWIN_UNLIMITED_SELECT -D_REENTRANT   -mmacosx-version-min=10.10 -isysroot /Applications/Xcode-7.3.1.app/Contents/Developer/Platforms/MacOSX.platform/Developer/SDKs/MacOSX10.11.sdk -pipe -mmacosx-version-min=10.10 -isysroot /Applications/Xcode-7.3.1.app/Contents/Developer/Platforms/MacOSX.platform/Developer/SDKs/MacOSX10.11.sdk -g -DXP_UNIX conftest.c  -L/opt/local/lib -L/usr/local/lib -L/Users/crashlytics/buildAgent/work/2484be8b71880c21/bundle-2.28.3/fastlane_lib/bundle/lib -L/usr/lib -L. -L/Users/crashlytics/buildAgent/work/2484be8b71880c21/bundle-2.28.3/fastlane_lib/bundle/lib -L. -L/Users/crashlytics/buildAgent/work/2484be8b71880c21/bundle-2.28.3/fastlane_lib/dependencies/lib -fstack-protector    -liconv  -lruby-static -framework CoreFoundation -lxml2 -liconv  -lpthread -ldl -lobjc  "
conftest.c:13:57: error: use of undeclared identifier 'xmlParseDoc'
int t(void) { void ((*volatile p)()); p = (void ((*)()))xmlParseDoc; return 0; }
                                                        ^
1 error generated.
checked program was:
/* begin */
 1: #include "ruby.h"
 2: 
 3: /*top*/
 4: extern int t(void);
 5: int main(int argc, char **argv)
 6: {
 7:   if (argc > 1000000) {
 8:     printf("%p", &t);
 9:   }
10: 
11:   return 0;
12: }
13: int t(void) { void ((*volatile p)()); p = (void ((*)()))xmlParseDoc; return 0; }
/* end */

"/usr/bin/clang -o conftest -I/Users/crashlytics/buildAgent/work/2484be8b71880c21/bundle-2.28.3/fastlane_lib/bundle/include/ruby-2.2.0/x86_64-darwin15 -I/Users/crashlytics/buildAgent/work/2484be8b71880c21/bundle-2.28.3/fastlane_lib/bundle/include/ruby-2.2.0/ruby/backward -I/Users/crashlytics/buildAgent/work/2484be8b71880c21/bundle-2.28.3/fastlane_lib/bundle/include/ruby-2.2.0 -I. -I/opt/local/include/libxml2 -I/usr/local/include/libxml2 -I/Users/crashlytics/buildAgent/work/2484be8b71880c21/bundle-2.28.3/fastlane_lib/bundle/include/libxml2 -I/opt/local/include -I/usr/local/include -I/Users/crashlytics/buildAgent/work/2484be8b71880c21/bundle-2.28.3/fastlane_lib/bundle/include -I/Applications/Xcode-7.3.1.app/Contents/Developer/Platforms/MacOSX.platform/Developer/SDKs/MacOSX10.11.sdk/usr/include/libxml2 -I/usr/include -I/usr/include/libxml2 -I/Users/crashlytics/buildAgent/work/2484be8b71880c21/bundle-2.28.3/fastlane_lib/dependencies/include -D_XOPEN_SOURCE -D_DARWIN_C_SOURCE -D_DARWIN_UNLIMITED_SELECT -D_REENTRANT   -mmacosx-version-min=10.10 -isysroot /Applications/Xcode-7.3.1.app/Contents/Developer/Platforms/MacOSX.platform/Developer/SDKs/MacOSX10.11.sdk -pipe -mmacosx-version-min=10.10 -isysroot /Applications/Xcode-7.3.1.app/Contents/Developer/Platforms/MacOSX.platform/Developer/SDKs/MacOSX10.11.sdk -g -DXP_UNIX conftest.c  -L/opt/local/lib -L/usr/local/lib -L/Users/crashlytics/buildAgent/work/2484be8b71880c21/bundle-2.28.3/fastlane_lib/bundle/lib -L/usr/lib -L. -L/Users/crashlytics/buildAgent/work/2484be8b71880c21/bundle-2.28.3/fastlane_lib/bundle/lib -L. -L/Users/crashlytics/buildAgent/work/2484be8b71880c21/bundle-2.28.3/fastlane_lib/dependencies/lib -fstack-protector    -liconv  -lruby-static -framework CoreFoundation -lxml2 -liconv  -lpthread -ldl -lobjc  "
conftest.c:13:15: warning: implicit declaration of function 'xmlParseDoc' is invalid in C99 [-Wimplicit-function-declaration]
int t(void) { xmlParseDoc(); return 0; }
              ^
1 warning generated.
ld: warning: directory not found for option '-L/opt/local/lib'
checked program was:
/* begin */
 1: #include "ruby.h"
 2: 
 3: /*top*/
 4: extern int t(void);
 5: int main(int argc, char **argv)
 6: {
 7:   if (argc > 1000000) {
 8:     printf("%p", &t);
 9:   }
10: 
11:   return 0;
12: }
13: int t(void) { xmlParseDoc(); return 0; }
/* end */

--------------------

find_library: checking for xsltParseStylesheetDoc() in -lxslt... -------------------- yes

"/usr/bin/clang -o conftest -I/Users/crashlytics/buildAgent/work/2484be8b71880c21/bundle-2.28.3/fastlane_lib/bundle/include/ruby-2.2.0/x86_64-darwin15 -I/Users/crashlytics/buildAgent/work/2484be8b71880c21/bundle-2.28.3/fastlane_lib/bundle/include/ruby-2.2.0/ruby/backward -I/Users/crashlytics/buildAgent/work/2484be8b71880c21/bundle-2.28.3/fastlane_lib/bundle/include/ruby-2.2.0 -I. -I/opt/local/include/libxml2 -I/usr/local/include/libxml2 -I/Users/crashlytics/buildAgent/work/2484be8b71880c21/bundle-2.28.3/fastlane_lib/bundle/include/libxml2 -I/opt/local/include -I/usr/local/include -I/Users/crashlytics/buildAgent/work/2484be8b71880c21/bundle-2.28.3/fastlane_lib/bundle/include -I/Applications/Xcode-7.3.1.app/Contents/Developer/Platforms/MacOSX.platform/Developer/SDKs/MacOSX10.11.sdk/usr/include/libxml2 -I/usr/include -I/usr/include/libxml2 -I/Users/crashlytics/buildAgent/work/2484be8b71880c21/bundle-2.28.3/fastlane_lib/dependencies/include -D_XOPEN_SOURCE -D_DARWIN_C_SOURCE -D_DARWIN_UNLIMITED_SELECT -D_REENTRANT   -mmacosx-version-min=10.10 -isysroot /Applications/Xcode-7.3.1.app/Contents/Developer/Platforms/MacOSX.platform/Developer/SDKs/MacOSX10.11.sdk -pipe -mmacosx-version-min=10.10 -isysroot /Applications/Xcode-7.3.1.app/Contents/Developer/Platforms/MacOSX.platform/Developer/SDKs/MacOSX10.11.sdk -g -DXP_UNIX conftest.c  -L/opt/local/lib -L/usr/local/lib -L/Users/crashlytics/buildAgent/work/2484be8b71880c21/bundle-2.28.3/fastlane_lib/bundle/lib -L/usr/lib -L. -L/Users/crashlytics/buildAgent/work/2484be8b71880c21/bundle-2.28.3/fastlane_lib/bundle/lib -L. -L/Users/crashlytics/buildAgent/work/2484be8b71880c21/bundle-2.28.3/fastlane_lib/dependencies/lib -fstack-protector    -lxml2 -liconv  -lruby-static -framework CoreFoundation -lxslt -lxml2 -liconv  -lpthread -ldl -lobjc  "
conftest.c:13:57: error: use of undeclared identifier 'xsltParseStylesheetDoc'
int t(void) { void ((*volatile p)()); p = (void ((*)()))xsltParseStylesheetDoc; return 0; }
                                                        ^
1 error generated.
checked program was:
/* begin */
 1: #include "ruby.h"
 2: 
 3: /*top*/
 4: extern int t(void);
 5: int main(int argc, char **argv)
 6: {
 7:   if (argc > 1000000) {
 8:     printf("%p", &t);
 9:   }
10: 
11:   return 0;
12: }
13: int t(void) { void ((*volatile p)()); p = (void ((*)()))xsltParseStylesheetDoc; return 0; }
/* end */

"/usr/bin/clang -o conftest -I/Users/crashlytics/buildAgent/work/2484be8b71880c21/bundle-2.28.3/fastlane_lib/bundle/include/ruby-2.2.0/x86_64-darwin15 -I/Users/crashlytics/buildAgent/work/2484be8b71880c21/bundle-2.28.3/fastlane_lib/bundle/include/ruby-2.2.0/ruby/backward -I/Users/crashlytics/buildAgent/work/2484be8b71880c21/bundle-2.28.3/fastlane_lib/bundle/include/ruby-2.2.0 -I. -I/opt/local/include/libxml2 -I/usr/local/include/libxml2 -I/Users/crashlytics/buildAgent/work/2484be8b71880c21/bundle-2.28.3/fastlane_lib/bundle/include/libxml2 -I/opt/local/include -I/usr/local/include -I/Users/crashlytics/buildAgent/work/2484be8b71880c21/bundle-2.28.3/fastlane_lib/bundle/include -I/Applications/Xcode-7.3.1.app/Contents/Developer/Platforms/MacOSX.platform/Developer/SDKs/MacOSX10.11.sdk/usr/include/libxml2 -I/usr/include -I/usr/include/libxml2 -I/Users/crashlytics/buildAgent/work/2484be8b71880c21/bundle-2.28.3/fastlane_lib/dependencies/include -D_XOPEN_SOURCE -D_DARWIN_C_SOURCE -D_DARWIN_UNLIMITED_SELECT -D_REENTRANT   -mmacosx-version-min=10.10 -isysroot /Applications/Xcode-7.3.1.app/Contents/Developer/Platforms/MacOSX.platform/Developer/SDKs/MacOSX10.11.sdk -pipe -mmacosx-version-min=10.10 -isysroot /Applications/Xcode-7.3.1.app/Contents/Developer/Platforms/MacOSX.platform/Developer/SDKs/MacOSX10.11.sdk -g -DXP_UNIX conftest.c  -L/opt/local/lib -L/usr/local/lib -L/Users/crashlytics/buildAgent/work/2484be8b71880c21/bundle-2.28.3/fastlane_lib/bundle/lib -L/usr/lib -L. -L/Users/crashlytics/buildAgent/work/2484be8b71880c21/bundle-2.28.3/fastlane_lib/bundle/lib -L. -L/Users/crashlytics/buildAgent/work/2484be8b71880c21/bundle-2.28.3/fastlane_lib/dependencies/lib -fstack-protector    -lxml2 -liconv  -lruby-static -framework CoreFoundation -lxslt -lxml2 -liconv  -lpthread -ldl -lobjc  "
conftest.c:13:15: warning: implicit declaration of function 'xsltParseStylesheetDoc' is invalid in C99 [-Wimplicit-function-declaration]
int t(void) { xsltParseStylesheetDoc(); return 0; }
              ^
1 warning generated.
ld: warning: directory not found for option '-L/opt/local/lib'
checked program was:
/* begin */
 1: #include "ruby.h"
 2: 
 3: /*top*/
 4: extern int t(void);
 5: int main(int argc, char **argv)
 6: {
 7:   if (argc > 1000000) {
 8:     printf("%p", &t);
 9:   }
10: 
11:   return 0;
12: }
13: int t(void) { xsltParseStylesheetDoc(); return 0; }
/* end */

--------------------

find_library: checking for exsltFuncRegister() in -lexslt... -------------------- yes

"/usr/bin/clang -o conftest -I/Users/crashlytics/buildAgent/work/2484be8b71880c21/bundle-2.28.3/fastlane_lib/bundle/include/ruby-2.2.0/x86_64-darwin15 -I/Users/crashlytics/buildAgent/work/2484be8b71880c21/bundle-2.28.3/fastlane_lib/bundle/include/ruby-2.2.0/ruby/backward -I/Users/crashlytics/buildAgent/work/2484be8b71880c21/bundle-2.28.3/fastlane_lib/bundle/include/ruby-2.2.0 -I. -I/opt/local/include/libxml2 -I/usr/local/include/libxml2 -I/Users/crashlytics/buildAgent/work/2484be8b71880c21/bundle-2.28.3/fastlane_lib/bundle/include/libxml2 -I/opt/local/include -I/usr/local/include -I/Users/crashlytics/buildAgent/work/2484be8b71880c21/bundle-2.28.3/fastlane_lib/bundle/include -I/Applications/Xcode-7.3.1.app/Contents/Developer/Platforms/MacOSX.platform/Developer/SDKs/MacOSX10.11.sdk/usr/include/libxml2 -I/usr/include -I/usr/include/libxml2 -I/Users/crashlytics/buildAgent/work/2484be8b71880c21/bundle-2.28.3/fastlane_lib/dependencies/include -D_XOPEN_SOURCE -D_DARWIN_C_SOURCE -D_DARWIN_UNLIMITED_SELECT -D_REENTRANT   -mmacosx-version-min=10.10 -isysroot /Applications/Xcode-7.3.1.app/Contents/Developer/Platforms/MacOSX.platform/Developer/SDKs/MacOSX10.11.sdk -pipe -mmacosx-version-min=10.10 -isysroot /Applications/Xcode-7.3.1.app/Contents/Developer/Platforms/MacOSX.platform/Developer/SDKs/MacOSX10.11.sdk -g -DXP_UNIX conftest.c  -L/opt/local/lib -L/usr/local/lib -L/Users/crashlytics/buildAgent/work/2484be8b71880c21/bundle-2.28.3/fastlane_lib/bundle/lib -L/usr/lib -L. -L/Users/crashlytics/buildAgent/work/2484be8b71880c21/bundle-2.28.3/fastlane_lib/bundle/lib -L. -L/Users/crashlytics/buildAgent/work/2484be8b71880c21/bundle-2.28.3/fastlane_lib/dependencies/lib -fstack-protector    -lxslt -lxml2 -liconv  -lruby-static -framework CoreFoundation -lexslt -lxslt -lxml2 -liconv  -lpthread -ldl -lobjc  "
conftest.c:13:57: error: use of undeclared identifier 'exsltFuncRegister'
int t(void) { void ((*volatile p)()); p = (void ((*)()))exsltFuncRegister; return 0; }
                                                        ^
1 error generated.
checked program was:
/* begin */
 1: #include "ruby.h"
 2: 
 3: /*top*/
 4: extern int t(void);
 5: int main(int argc, char **argv)
 6: {
 7:   if (argc > 1000000) {
 8:     printf("%p", &t);
 9:   }
10: 
11:   return 0;
12: }
13: int t(void) { void ((*volatile p)()); p = (void ((*)()))exsltFuncRegister; return 0; }
/* end */

"/usr/bin/clang -o conftest -I/Users/crashlytics/buildAgent/work/2484be8b71880c21/bundle-2.28.3/fastlane_lib/bundle/include/ruby-2.2.0/x86_64-darwin15 -I/Users/crashlytics/buildAgent/work/2484be8b71880c21/bundle-2.28.3/fastlane_lib/bundle/include/ruby-2.2.0/ruby/backward -I/Users/crashlytics/buildAgent/work/2484be8b71880c21/bundle-2.28.3/fastlane_lib/bundle/include/ruby-2.2.0 -I. -I/opt/local/include/libxml2 -I/usr/local/include/libxml2 -I/Users/crashlytics/buildAgent/work/2484be8b71880c21/bundle-2.28.3/fastlane_lib/bundle/include/libxml2 -I/opt/local/include -I/usr/local/include -I/Users/crashlytics/buildAgent/work/2484be8b71880c21/bundle-2.28.3/fastlane_lib/bundle/include -I/Applications/Xcode-7.3.1.app/Contents/Developer/Platforms/MacOSX.platform/Developer/SDKs/MacOSX10.11.sdk/usr/include/libxml2 -I/usr/include -I/usr/include/libxml2 -I/Users/crashlytics/buildAgent/work/2484be8b71880c21/bundle-2.28.3/fastlane_lib/dependencies/include -D_XOPEN_SOURCE -D_DARWIN_C_SOURCE -D_DARWIN_UNLIMITED_SELECT -D_REENTRANT   -mmacosx-version-min=10.10 -isysroot /Applications/Xcode-7.3.1.app/Contents/Developer/Platforms/MacOSX.platform/Developer/SDKs/MacOSX10.11.sdk -pipe -mmacosx-version-min=10.10 -isysroot /Applications/Xcode-7.3.1.app/Contents/Developer/Platforms/MacOSX.platform/Developer/SDKs/MacOSX10.11.sdk -g -DXP_UNIX conftest.c  -L/opt/local/lib -L/usr/local/lib -L/Users/crashlytics/buildAgent/work/2484be8b71880c21/bundle-2.28.3/fastlane_lib/bundle/lib -L/usr/lib -L. -L/Users/crashlytics/buildAgent/work/2484be8b71880c21/bundle-2.28.3/fastlane_lib/bundle/lib -L. -L/Users/crashlytics/buildAgent/work/2484be8b71880c21/bundle-2.28.3/fastlane_lib/dependencies/lib -fstack-protector    -lxslt -lxml2 -liconv  -lruby-static -framework CoreFoundation -lexslt -lxslt -lxml2 -liconv  -lpthread -ldl -lobjc  "
conftest.c:13:15: warning: implicit declaration of function 'exsltFuncRegister' is invalid in C99 [-Wimplicit-function-declaration]
int t(void) { exsltFuncRegister(); return 0; }
              ^
1 warning generated.
ld: warning: directory not found for option '-L/opt/local/lib'
checked program was:
/* begin */
 1: #include "ruby.h"
 2: 
 3: /*top*/
 4: extern int t(void);
 5: int main(int argc, char **argv)
 6: {
 7:   if (argc > 1000000) {
 8:     printf("%p", &t);
 9:   }
10: 
11:   return 0;
12: }
13: int t(void) { exsltFuncRegister(); return 0; }
/* end */

--------------------

have_func: checking for xmlHasFeature()... -------------------- yes

"/usr/bin/clang -o conftest -I/Users/crashlytics/buildAgent/work/2484be8b71880c21/bundle-2.28.3/fastlane_lib/bundle/include/ruby-2.2.0/x86_64-darwin15 -I/Users/crashlytics/buildAgent/work/2484be8b71880c21/bundle-2.28.3/fastlane_lib/bundle/include/ruby-2.2.0/ruby/backward -I/Users/crashlytics/buildAgent/work/2484be8b71880c21/bundle-2.28.3/fastlane_lib/bundle/include/ruby-2.2.0 -I. -I/opt/local/include/libxml2 -I/usr/local/include/libxml2 -I/Users/crashlytics/buildAgent/work/2484be8b71880c21/bundle-2.28.3/fastlane_lib/bundle/include/libxml2 -I/opt/local/include -I/usr/local/include -I/Users/crashlytics/buildAgent/work/2484be8b71880c21/bundle-2.28.3/fastlane_lib/bundle/include -I/Applications/Xcode-7.3.1.app/Contents/Developer/Platforms/MacOSX.platform/Developer/SDKs/MacOSX10.11.sdk/usr/include/libxml2 -I/usr/include -I/usr/include/libxml2 -I/Users/crashlytics/buildAgent/work/2484be8b71880c21/bundle-2.28.3/fastlane_lib/dependencies/include -D_XOPEN_SOURCE -D_DARWIN_C_SOURCE -D_DARWIN_UNLIMITED_SELECT -D_REENTRANT   -mmacosx-version-min=10.10 -isysroot /Applications/Xcode-7.3.1.app/Contents/Developer/Platforms/MacOSX.platform/Developer/SDKs/MacOSX10.11.sdk -pipe -mmacosx-version-min=10.10 -isysroot /Applications/Xcode-7.3.1.app/Contents/Developer/Platforms/MacOSX.platform/Developer/SDKs/MacOSX10.11.sdk -g -DXP_UNIX conftest.c  -L/opt/local/lib -L/usr/local/lib -L/Users/crashlytics/buildAgent/work/2484be8b71880c21/bundle-2.28.3/fastlane_lib/bundle/lib -L/usr/lib -L. -L/Users/crashlytics/buildAgent/work/2484be8b71880c21/bundle-2.28.3/fastlane_lib/bundle/lib -L. -L/Users/crashlytics/buildAgent/work/2484be8b71880c21/bundle-2.28.3/fastlane_lib/dependencies/lib -fstack-protector    -lexslt -lxslt -lxml2 -liconv  -lruby-static -framework CoreFoundation -lexslt -lxslt -lxml2 -liconv  -lpthread -ldl -lobjc  "
conftest.c:13:57: error: use of undeclared identifier 'xmlHasFeature'
int t(void) { void ((*volatile p)()); p = (void ((*)()))xmlHasFeature; return 0; }
                                                        ^
1 error generated.
checked program was:
/* begin */
 1: #include "ruby.h"
 2: 
 3: /*top*/
 4: extern int t(void);
 5: int main(int argc, char **argv)
 6: {
 7:   if (argc > 1000000) {
 8:     printf("%p", &t);
 9:   }
10: 
11:   return 0;
12: }
13: int t(void) { void ((*volatile p)()); p = (void ((*)()))xmlHasFeature; return 0; }
/* end */

"/usr/bin/clang -o conftest -I/Users/crashlytics/buildAgent/work/2484be8b71880c21/bundle-2.28.3/fastlane_lib/bundle/include/ruby-2.2.0/x86_64-darwin15 -I/Users/crashlytics/buildAgent/work/2484be8b71880c21/bundle-2.28.3/fastlane_lib/bundle/include/ruby-2.2.0/ruby/backward -I/Users/crashlytics/buildAgent/work/2484be8b71880c21/bundle-2.28.3/fastlane_lib/bundle/include/ruby-2.2.0 -I. -I/opt/local/include/libxml2 -I/usr/local/include/libxml2 -I/Users/crashlytics/buildAgent/work/2484be8b71880c21/bundle-2.28.3/fastlane_lib/bundle/include/libxml2 -I/opt/local/include -I/usr/local/include -I/Users/crashlytics/buildAgent/work/2484be8b71880c21/bundle-2.28.3/fastlane_lib/bundle/include -I/Applications/Xcode-7.3.1.app/Contents/Developer/Platforms/MacOSX.platform/Developer/SDKs/MacOSX10.11.sdk/usr/include/libxml2 -I/usr/include -I/usr/include/libxml2 -I/Users/crashlytics/buildAgent/work/2484be8b71880c21/bundle-2.28.3/fastlane_lib/dependencies/include -D_XOPEN_SOURCE -D_DARWIN_C_SOURCE -D_DARWIN_UNLIMITED_SELECT -D_REENTRANT   -mmacosx-version-min=10.10 -isysroot /Applications/Xcode-7.3.1.app/Contents/Developer/Platforms/MacOSX.platform/Developer/SDKs/MacOSX10.11.sdk -pipe -mmacosx-version-min=10.10 -isysroot /Applications/Xcode-7.3.1.app/Contents/Developer/Platforms/MacOSX.platform/Developer/SDKs/MacOSX10.11.sdk -g -DXP_UNIX conftest.c  -L/opt/local/lib -L/usr/local/lib -L/Users/crashlytics/buildAgent/work/2484be8b71880c21/bundle-2.28.3/fastlane_lib/bundle/lib -L/usr/lib -L. -L/Users/crashlytics/buildAgent/work/2484be8b71880c21/bundle-2.28.3/fastlane_lib/bundle/lib -L. -L/Users/crashlytics/buildAgent/work/2484be8b71880c21/bundle-2.28.3/fastlane_lib/dependencies/lib -fstack-protector    -lexslt -lxslt -lxml2 -liconv  -lruby-static -framework CoreFoundation -lexslt -lxslt -lxml2 -liconv  -lpthread -ldl -lobjc  "
conftest.c:13:15: warning: implicit declaration of function 'xmlHasFeature' is invalid in C99 [-Wimplicit-function-declaration]
int t(void) { xmlHasFeature(); return 0; }
              ^
1 warning generated.
ld: warning: directory not found for option '-L/opt/local/lib'
checked program was:
/* begin */
 1: #include "ruby.h"
 2: 
 3: /*top*/
 4: extern int t(void);
 5: int main(int argc, char **argv)
 6: {
 7:   if (argc > 1000000) {
 8:     printf("%p", &t);
 9:   }
10: 
11:   return 0;
12: }
13: int t(void) { xmlHasFeature(); return 0; }
/* end */

--------------------

have_func: checking for xmlFirstElementChild()... -------------------- yes

"/usr/bin/clang -o conftest -I/Users/crashlytics/buildAgent/work/2484be8b71880c21/bundle-2.28.3/fastlane_lib/bundle/include/ruby-2.2.0/x86_64-darwin15 -I/Users/crashlytics/buildAgent/work/2484be8b71880c21/bundle-2.28.3/fastlane_lib/bundle/include/ruby-2.2.0/ruby/backward -I/Users/crashlytics/buildAgent/work/2484be8b71880c21/bundle-2.28.3/fastlane_lib/bundle/include/ruby-2.2.0 -I. -I/opt/local/include/libxml2 -I/usr/local/include/libxml2 -I/Users/crashlytics/buildAgent/work/2484be8b71880c21/bundle-2.28.3/fastlane_lib/bundle/include/libxml2 -I/opt/local/include -I/usr/local/include -I/Users/crashlytics/buildAgent/work/2484be8b71880c21/bundle-2.28.3/fastlane_lib/bundle/include -I/Applications/Xcode-7.3.1.app/Contents/Developer/Platforms/MacOSX.platform/Developer/SDKs/MacOSX10.11.sdk/usr/include/libxml2 -I/usr/include -I/usr/include/libxml2 -I/Users/crashlytics/buildAgent/work/2484be8b71880c21/bundle-2.28.3/fastlane_lib/dependencies/include -D_XOPEN_SOURCE -D_DARWIN_C_SOURCE -D_DARWIN_UNLIMITED_SELECT -D_REENTRANT   -mmacosx-version-min=10.10 -isysroot /Applications/Xcode-7.3.1.app/Contents/Developer/Platforms/MacOSX.platform/Developer/SDKs/MacOSX10.11.sdk -pipe -mmacosx-version-min=10.10 -isysroot /Applications/Xcode-7.3.1.app/Contents/Developer/Platforms/MacOSX.platform/Developer/SDKs/MacOSX10.11.sdk -g -DXP_UNIX conftest.c  -L/opt/local/lib -L/usr/local/lib -L/Users/crashlytics/buildAgent/work/2484be8b71880c21/bundle-2.28.3/fastlane_lib/bundle/lib -L/usr/lib -L. -L/Users/crashlytics/buildAgent/work/2484be8b71880c21/bundle-2.28.3/fastlane_lib/bundle/lib -L. -L/Users/crashlytics/buildAgent/work/2484be8b71880c21/bundle-2.28.3/fastlane_lib/dependencies/lib -fstack-protector    -lexslt -lxslt -lxml2 -liconv  -lruby-static -framework CoreFoundation -lexslt -lxslt -lxml2 -liconv  -lpthread -ldl -lobjc  "
conftest.c:13:57: error: use of undeclared identifier 'xmlFirstElementChild'
int t(void) { void ((*volatile p)()); p = (void ((*)()))xmlFirstElementChild; return 0; }
                                                        ^
1 error generated.
checked program was:
/* begin */
 1: #include "ruby.h"
 2: 
 3: /*top*/
 4: extern int t(void);
 5: int main(int argc, char **argv)
 6: {
 7:   if (argc > 1000000) {
 8:     printf("%p", &t);
 9:   }
10: 
11:   return 0;
12: }
13: int t(void) { void ((*volatile p)()); p = (void ((*)()))xmlFirstElementChild; return 0; }
/* end */

"/usr/bin/clang -o conftest -I/Users/crashlytics/buildAgent/work/2484be8b71880c21/bundle-2.28.3/fastlane_lib/bundle/include/ruby-2.2.0/x86_64-darwin15 -I/Users/crashlytics/buildAgent/work/2484be8b71880c21/bundle-2.28.3/fastlane_lib/bundle/include/ruby-2.2.0/ruby/backward -I/Users/crashlytics/buildAgent/work/2484be8b71880c21/bundle-2.28.3/fastlane_lib/bundle/include/ruby-2.2.0 -I. -I/opt/local/include/libxml2 -I/usr/local/include/libxml2 -I/Users/crashlytics/buildAgent/work/2484be8b71880c21/bundle-2.28.3/fastlane_lib/bundle/include/libxml2 -I/opt/local/include -I/usr/local/include -I/Users/crashlytics/buildAgent/work/2484be8b71880c21/bundle-2.28.3/fastlane_lib/bundle/include -I/Applications/Xcode-7.3.1.app/Contents/Developer/Platforms/MacOSX.platform/Developer/SDKs/MacOSX10.11.sdk/usr/include/libxml2 -I/usr/include -I/usr/include/libxml2 -I/Users/crashlytics/buildAgent/work/2484be8b71880c21/bundle-2.28.3/fastlane_lib/dependencies/include -D_XOPEN_SOURCE -D_DARWIN_C_SOURCE -D_DARWIN_UNLIMITED_SELECT -D_REENTRANT   -mmacosx-version-min=10.10 -isysroot /Applications/Xcode-7.3.1.app/Contents/Developer/Platforms/MacOSX.platform/Developer/SDKs/MacOSX10.11.sdk -pipe -mmacosx-version-min=10.10 -isysroot /Applications/Xcode-7.3.1.app/Contents/Developer/Platforms/MacOSX.platform/Developer/SDKs/MacOSX10.11.sdk -g -DXP_UNIX conftest.c  -L/opt/local/lib -L/usr/local/lib -L/Users/crashlytics/buildAgent/work/2484be8b71880c21/bundle-2.28.3/fastlane_lib/bundle/lib -L/usr/lib -L. -L/Users/crashlytics/buildAgent/work/2484be8b71880c21/bundle-2.28.3/fastlane_lib/bundle/lib -L. -L/Users/crashlytics/buildAgent/work/2484be8b71880c21/bundle-2.28.3/fastlane_lib/dependencies/lib -fstack-protector    -lexslt -lxslt -lxml2 -liconv  -lruby-static -framework CoreFoundation -lexslt -lxslt -lxml2 -liconv  -lpthread -ldl -lobjc  "
conftest.c:13:15: warning: implicit declaration of function 'xmlFirstElementChild' is invalid in C99 [-Wimplicit-function-declaration]
int t(void) { xmlFirstElementChild(); return 0; }
              ^
1 warning generated.
ld: warning: directory not found for option '-L/opt/local/lib'
checked program was:
/* begin */
 1: #include "ruby.h"
 2: 
 3: /*top*/
 4: extern int t(void);
 5: int main(int argc, char **argv)
 6: {
 7:   if (argc > 1000000) {
 8:     printf("%p", &t);
 9:   }
10: 
11:   return 0;
12: }
13: int t(void) { xmlFirstElementChild(); return 0; }
/* end */

--------------------

have_func: checking for xmlRelaxNGSetParserStructuredErrors()... -------------------- yes

"/usr/bin/clang -o conftest -I/Users/crashlytics/buildAgent/work/2484be8b71880c21/bundle-2.28.3/fastlane_lib/bundle/include/ruby-2.2.0/x86_64-darwin15 -I/Users/crashlytics/buildAgent/work/2484be8b71880c21/bundle-2.28.3/fastlane_lib/bundle/include/ruby-2.2.0/ruby/backward -I/Users/crashlytics/buildAgent/work/2484be8b71880c21/bundle-2.28.3/fastlane_lib/bundle/include/ruby-2.2.0 -I. -I/opt/local/include/libxml2 -I/usr/local/include/libxml2 -I/Users/crashlytics/buildAgent/work/2484be8b71880c21/bundle-2.28.3/fastlane_lib/bundle/include/libxml2 -I/opt/local/include -I/usr/local/include -I/Users/crashlytics/buildAgent/work/2484be8b71880c21/bundle-2.28.3/fastlane_lib/bundle/include -I/Applications/Xcode-7.3.1.app/Contents/Developer/Platforms/MacOSX.platform/Developer/SDKs/MacOSX10.11.sdk/usr/include/libxml2 -I/usr/include -I/usr/include/libxml2 -I/Users/crashlytics/buildAgent/work/2484be8b71880c21/bundle-2.28.3/fastlane_lib/dependencies/include -D_XOPEN_SOURCE -D_DARWIN_C_SOURCE -D_DARWIN_UNLIMITED_SELECT -D_REENTRANT   -mmacosx-version-min=10.10 -isysroot /Applications/Xcode-7.3.1.app/Contents/Developer/Platforms/MacOSX.platform/Developer/SDKs/MacOSX10.11.sdk -pipe -mmacosx-version-min=10.10 -isysroot /Applications/Xcode-7.3.1.app/Contents/Developer/Platforms/MacOSX.platform/Developer/SDKs/MacOSX10.11.sdk -g -DXP_UNIX conftest.c  -L/opt/local/lib -L/usr/local/lib -L/Users/crashlytics/buildAgent/work/2484be8b71880c21/bundle-2.28.3/fastlane_lib/bundle/lib -L/usr/lib -L. -L/Users/crashlytics/buildAgent/work/2484be8b71880c21/bundle-2.28.3/fastlane_lib/bundle/lib -L. -L/Users/crashlytics/buildAgent/work/2484be8b71880c21/bundle-2.28.3/fastlane_lib/dependencies/lib -fstack-protector    -lexslt -lxslt -lxml2 -liconv  -lruby-static -framework CoreFoundation -lexslt -lxslt -lxml2 -liconv  -lpthread -ldl -lobjc  "
conftest.c:13:57: error: use of undeclared identifier 'xmlRelaxNGSetParserStructuredErrors'
int t(void) { void ((*volatile p)()); p = (void ((*)()))xmlRelaxNGSetParserStructuredErrors; return 0; }
                                                        ^
1 error generated.
checked program was:
/* begin */
 1: #include "ruby.h"
 2: 
 3: /*top*/
 4: extern int t(void);
 5: int main(int argc, char **argv)
 6: {
 7:   if (argc > 1000000) {
 8:     printf("%p", &t);
 9:   }
10: 
11:   return 0;
12: }
13: int t(void) { void ((*volatile p)()); p = (void ((*)()))xmlRelaxNGSetParserStructuredErrors; return 0; }
/* end */

"/usr/bin/clang -o conftest -I/Users/crashlytics/buildAgent/work/2484be8b71880c21/bundle-2.28.3/fastlane_lib/bundle/include/ruby-2.2.0/x86_64-darwin15 -I/Users/crashlytics/buildAgent/work/2484be8b71880c21/bundle-2.28.3/fastlane_lib/bundle/include/ruby-2.2.0/ruby/backward -I/Users/crashlytics/buildAgent/work/2484be8b71880c21/bundle-2.28.3/fastlane_lib/bundle/include/ruby-2.2.0 -I. -I/opt/local/include/libxml2 -I/usr/local/include/libxml2 -I/Users/crashlytics/buildAgent/work/2484be8b71880c21/bundle-2.28.3/fastlane_lib/bundle/include/libxml2 -I/opt/local/include -I/usr/local/include -I/Users/crashlytics/buildAgent/work/2484be8b71880c21/bundle-2.28.3/fastlane_lib/bundle/include -I/Applications/Xcode-7.3.1.app/Contents/Developer/Platforms/MacOSX.platform/Developer/SDKs/MacOSX10.11.sdk/usr/include/libxml2 -I/usr/include -I/usr/include/libxml2 -I/Users/crashlytics/buildAgent/work/2484be8b71880c21/bundle-2.28.3/fastlane_lib/dependencies/include -D_XOPEN_SOURCE -D_DARWIN_C_SOURCE -D_DARWIN_UNLIMITED_SELECT -D_REENTRANT   -mmacosx-version-min=10.10 -isysroot /Applications/Xcode-7.3.1.app/Contents/Developer/Platforms/MacOSX.platform/Developer/SDKs/MacOSX10.11.sdk -pipe -mmacosx-version-min=10.10 -isysroot /Applications/Xcode-7.3.1.app/Contents/Developer/Platforms/MacOSX.platform/Developer/SDKs/MacOSX10.11.sdk -g -DXP_UNIX conftest.c  -L/opt/local/lib -L/usr/local/lib -L/Users/crashlytics/buildAgent/work/2484be8b71880c21/bundle-2.28.3/fastlane_lib/bundle/lib -L/usr/lib -L. -L/Users/crashlytics/buildAgent/work/2484be8b71880c21/bundle-2.28.3/fastlane_lib/bundle/lib -L. -L/Users/crashlytics/buildAgent/work/2484be8b71880c21/bundle-2.28.3/fastlane_lib/dependencies/lib -fstack-protector    -lexslt -lxslt -lxml2 -liconv  -lruby-static -framework CoreFoundation -lexslt -lxslt -lxml2 -liconv  -lpthread -ldl -lobjc  "
conftest.c:13:15: warning: implicit declaration of function 'xmlRelaxNGSetParserStructuredErrors' is invalid in C99 [-Wimplicit-function-declaration]
int t(void) { xmlRelaxNGSetParserStructuredErrors(); return 0; }
              ^
1 warning generated.
ld: warning: directory not found for option '-L/opt/local/lib'
checked program was:
/* begin */
 1: #include "ruby.h"
 2: 
 3: /*top*/
 4: extern int t(void);
 5: int main(int argc, char **argv)
 6: {
 7:   if (argc > 1000000) {
 8:     printf("%p", &t);
 9:   }
10: 
11:   return 0;
12: }
13: int t(void) { xmlRelaxNGSetParserStructuredErrors(); return 0; }
/* end */

--------------------

have_func: checking for xmlRelaxNGSetParserStructuredErrors()... -------------------- yes

"/usr/bin/clang -o conftest -I/Users/crashlytics/buildAgent/work/2484be8b71880c21/bundle-2.28.3/fastlane_lib/bundle/include/ruby-2.2.0/x86_64-darwin15 -I/Users/crashlytics/buildAgent/work/2484be8b71880c21/bundle-2.28.3/fastlane_lib/bundle/include/ruby-2.2.0/ruby/backward -I/Users/crashlytics/buildAgent/work/2484be8b71880c21/bundle-2.28.3/fastlane_lib/bundle/include/ruby-2.2.0 -I. -I/opt/local/include/libxml2 -I/usr/local/include/libxml2 -I/Users/crashlytics/buildAgent/work/2484be8b71880c21/bundle-2.28.3/fastlane_lib/bundle/include/libxml2 -I/opt/local/include -I/usr/local/include -I/Users/crashlytics/buildAgent/work/2484be8b71880c21/bundle-2.28.3/fastlane_lib/bundle/include -I/Applications/Xcode-7.3.1.app/Contents/Developer/Platforms/MacOSX.platform/Developer/SDKs/MacOSX10.11.sdk/usr/include/libxml2 -I/usr/include -I/usr/include/libxml2 -I/Users/crashlytics/buildAgent/work/2484be8b71880c21/bundle-2.28.3/fastlane_lib/dependencies/include -D_XOPEN_SOURCE -D_DARWIN_C_SOURCE -D_DARWIN_UNLIMITED_SELECT -D_REENTRANT   -mmacosx-version-min=10.10 -isysroot /Applications/Xcode-7.3.1.app/Contents/Developer/Platforms/MacOSX.platform/Developer/SDKs/MacOSX10.11.sdk -pipe -mmacosx-version-min=10.10 -isysroot /Applications/Xcode-7.3.1.app/Contents/Developer/Platforms/MacOSX.platform/Developer/SDKs/MacOSX10.11.sdk -g -DXP_UNIX conftest.c  -L/opt/local/lib -L/usr/local/lib -L/Users/crashlytics/buildAgent/work/2484be8b71880c21/bundle-2.28.3/fastlane_lib/bundle/lib -L/usr/lib -L. -L/Users/crashlytics/buildAgent/work/2484be8b71880c21/bundle-2.28.3/fastlane_lib/bundle/lib -L. -L/Users/crashlytics/buildAgent/work/2484be8b71880c21/bundle-2.28.3/fastlane_lib/dependencies/lib -fstack-protector    -lexslt -lxslt -lxml2 -liconv  -lruby-static -framework CoreFoundation -lexslt -lxslt -lxml2 -liconv  -lpthread -ldl -lobjc  "
conftest.c:13:57: error: use of undeclared identifier 'xmlRelaxNGSetParserStructuredErrors'
int t(void) { void ((*volatile p)()); p = (void ((*)()))xmlRelaxNGSetParserStructuredErrors; return 0; }
                                                        ^
1 error generated.
checked program was:
/* begin */
 1: #include "ruby.h"
 2: 
 3: /*top*/
 4: extern int t(void);
 5: int main(int argc, char **argv)
 6: {
 7:   if (argc > 1000000) {
 8:     printf("%p", &t);
 9:   }
10: 
11:   return 0;
12: }
13: int t(void) { void ((*volatile p)()); p = (void ((*)()))xmlRelaxNGSetParserStructuredErrors; return 0; }
/* end */

"/usr/bin/clang -o conftest -I/Users/crashlytics/buildAgent/work/2484be8b71880c21/bundle-2.28.3/fastlane_lib/bundle/include/ruby-2.2.0/x86_64-darwin15 -I/Users/crashlytics/buildAgent/work/2484be8b71880c21/bundle-2.28.3/fastlane_lib/bundle/include/ruby-2.2.0/ruby/backward -I/Users/crashlytics/buildAgent/work/2484be8b71880c21/bundle-2.28.3/fastlane_lib/bundle/include/ruby-2.2.0 -I. -I/opt/local/include/libxml2 -I/usr/local/include/libxml2 -I/Users/crashlytics/buildAgent/work/2484be8b71880c21/bundle-2.28.3/fastlane_lib/bundle/include/libxml2 -I/opt/local/include -I/usr/local/include -I/Users/crashlytics/buildAgent/work/2484be8b71880c21/bundle-2.28.3/fastlane_lib/bundle/include -I/Applications/Xcode-7.3.1.app/Contents/Developer/Platforms/MacOSX.platform/Developer/SDKs/MacOSX10.11.sdk/usr/include/libxml2 -I/usr/include -I/usr/include/libxml2 -I/Users/crashlytics/buildAgent/work/2484be8b71880c21/bundle-2.28.3/fastlane_lib/dependencies/include -D_XOPEN_SOURCE -D_DARWIN_C_SOURCE -D_DARWIN_UNLIMITED_SELECT -D_REENTRANT   -mmacosx-version-min=10.10 -isysroot /Applications/Xcode-7.3.1.app/Contents/Developer/Platforms/MacOSX.platform/Developer/SDKs/MacOSX10.11.sdk -pipe -mmacosx-version-min=10.10 -isysroot /Applications/Xcode-7.3.1.app/Contents/Developer/Platforms/MacOSX.platform/Developer/SDKs/MacOSX10.11.sdk -g -DXP_UNIX conftest.c  -L/opt/local/lib -L/usr/local/lib -L/Users/crashlytics/buildAgent/work/2484be8b71880c21/bundle-2.28.3/fastlane_lib/bundle/lib -L/usr/lib -L. -L/Users/crashlytics/buildAgent/work/2484be8b71880c21/bundle-2.28.3/fastlane_lib/bundle/lib -L. -L/Users/crashlytics/buildAgent/work/2484be8b71880c21/bundle-2.28.3/fastlane_lib/dependencies/lib -fstack-protector    -lexslt -lxslt -lxml2 -liconv  -lruby-static -framework CoreFoundation -lexslt -lxslt -lxml2 -liconv  -lpthread -ldl -lobjc  "
conftest.c:13:15: warning: implicit declaration of function 'xmlRelaxNGSetParserStructuredErrors' is invalid in C99 [-Wimplicit-function-declaration]
int t(void) { xmlRelaxNGSetParserStructuredErrors(); return 0; }
              ^
1 warning generated.
ld: warning: directory not found for option '-L/opt/local/lib'
checked program was:
/* begin */
 1: #include "ruby.h"
 2: 
 3: /*top*/
 4: extern int t(void);
 5: int main(int argc, char **argv)
 6: {
 7:   if (argc > 1000000) {
 8:     printf("%p", &t);
 9:   }
10: 
11:   return 0;
12: }
13: int t(void) { xmlRelaxNGSetParserStructuredErrors(); return 0; }
/* end */

--------------------

have_func: checking for xmlRelaxNGSetValidStructuredErrors()... -------------------- yes

"/usr/bin/clang -o conftest -I/Users/crashlytics/buildAgent/work/2484be8b71880c21/bundle-2.28.3/fastlane_lib/bundle/include/ruby-2.2.0/x86_64-darwin15 -I/Users/crashlytics/buildAgent/work/2484be8b71880c21/bundle-2.28.3/fastlane_lib/bundle/include/ruby-2.2.0/ruby/backward -I/Users/crashlytics/buildAgent/work/2484be8b71880c21/bundle-2.28.3/fastlane_lib/bundle/include/ruby-2.2.0 -I. -I/opt/local/include/libxml2 -I/usr/local/include/libxml2 -I/Users/crashlytics/buildAgent/work/2484be8b71880c21/bundle-2.28.3/fastlane_lib/bundle/include/libxml2 -I/opt/local/include -I/usr/local/include -I/Users/crashlytics/buildAgent/work/2484be8b71880c21/bundle-2.28.3/fastlane_lib/bundle/include -I/Applications/Xcode-7.3.1.app/Contents/Developer/Platforms/MacOSX.platform/Developer/SDKs/MacOSX10.11.sdk/usr/include/libxml2 -I/usr/include -I/usr/include/libxml2 -I/Users/crashlytics/buildAgent/work/2484be8b71880c21/bundle-2.28.3/fastlane_lib/dependencies/include -D_XOPEN_SOURCE -D_DARWIN_C_SOURCE -D_DARWIN_UNLIMITED_SELECT -D_REENTRANT   -mmacosx-version-min=10.10 -isysroot /Applications/Xcode-7.3.1.app/Contents/Developer/Platforms/MacOSX.platform/Developer/SDKs/MacOSX10.11.sdk -pipe -mmacosx-version-min=10.10 -isysroot /Applications/Xcode-7.3.1.app/Contents/Developer/Platforms/MacOSX.platform/Developer/SDKs/MacOSX10.11.sdk -g -DXP_UNIX conftest.c  -L/opt/local/lib -L/usr/local/lib -L/Users/crashlytics/buildAgent/work/2484be8b71880c21/bundle-2.28.3/fastlane_lib/bundle/lib -L/usr/lib -L. -L/Users/crashlytics/buildAgent/work/2484be8b71880c21/bundle-2.28.3/fastlane_lib/bundle/lib -L. -L/Users/crashlytics/buildAgent/work/2484be8b71880c21/bundle-2.28.3/fastlane_lib/dependencies/lib -fstack-protector    -lexslt -lxslt -lxml2 -liconv  -lruby-static -framework CoreFoundation -lexslt -lxslt -lxml2 -liconv  -lpthread -ldl -lobjc  "
conftest.c:13:57: error: use of undeclared identifier 'xmlRelaxNGSetValidStructuredErrors'
int t(void) { void ((*volatile p)()); p = (void ((*)()))xmlRelaxNGSetValidStructuredErrors; return 0; }
                                                        ^
1 error generated.
checked program was:
/* begin */
 1: #include "ruby.h"
 2: 
 3: /*top*/
 4: extern int t(void);
 5: int main(int argc, char **argv)
 6: {
 7:   if (argc > 1000000) {
 8:     printf("%p", &t);
 9:   }
10: 
11:   return 0;
12: }
13: int t(void) { void ((*volatile p)()); p = (void ((*)()))xmlRelaxNGSetValidStructuredErrors; return 0; }
/* end */

"/usr/bin/clang -o conftest -I/Users/crashlytics/buildAgent/work/2484be8b71880c21/bundle-2.28.3/fastlane_lib/bundle/include/ruby-2.2.0/x86_64-darwin15 -I/Users/crashlytics/buildAgent/work/2484be8b71880c21/bundle-2.28.3/fastlane_lib/bundle/include/ruby-2.2.0/ruby/backward -I/Users/crashlytics/buildAgent/work/2484be8b71880c21/bundle-2.28.3/fastlane_lib/bundle/include/ruby-2.2.0 -I. -I/opt/local/include/libxml2 -I/usr/local/include/libxml2 -I/Users/crashlytics/buildAgent/work/2484be8b71880c21/bundle-2.28.3/fastlane_lib/bundle/include/libxml2 -I/opt/local/include -I/usr/local/include -I/Users/crashlytics/buildAgent/work/2484be8b71880c21/bundle-2.28.3/fastlane_lib/bundle/include -I/Applications/Xcode-7.3.1.app/Contents/Developer/Platforms/MacOSX.platform/Developer/SDKs/MacOSX10.11.sdk/usr/include/libxml2 -I/usr/include -I/usr/include/libxml2 -I/Users/crashlytics/buildAgent/work/2484be8b71880c21/bundle-2.28.3/fastlane_lib/dependencies/include -D_XOPEN_SOURCE -D_DARWIN_C_SOURCE -D_DARWIN_UNLIMITED_SELECT -D_REENTRANT   -mmacosx-version-min=10.10 -isysroot /Applications/Xcode-7.3.1.app/Contents/Developer/Platforms/MacOSX.platform/Developer/SDKs/MacOSX10.11.sdk -pipe -mmacosx-version-min=10.10 -isysroot /Applications/Xcode-7.3.1.app/Contents/Developer/Platforms/MacOSX.platform/Developer/SDKs/MacOSX10.11.sdk -g -DXP_UNIX conftest.c  -L/opt/local/lib -L/usr/local/lib -L/Users/crashlytics/buildAgent/work/2484be8b71880c21/bundle-2.28.3/fastlane_lib/bundle/lib -L/usr/lib -L. -L/Users/crashlytics/buildAgent/work/2484be8b71880c21/bundle-2.28.3/fastlane_lib/bundle/lib -L. -L/Users/crashlytics/buildAgent/work/2484be8b71880c21/bundle-2.28.3/fastlane_lib/dependencies/lib -fstack-protector    -lexslt -lxslt -lxml2 -liconv  -lruby-static -framework CoreFoundation -lexslt -lxslt -lxml2 -liconv  -lpthread -ldl -lobjc  "
conftest.c:13:15: warning: implicit declaration of function 'xmlRelaxNGSetValidStructuredErrors' is invalid in C99 [-Wimplicit-function-declaration]
int t(void) { xmlRelaxNGSetValidStructuredErrors(); return 0; }
              ^
1 warning generated.
ld: warning: directory not found for option '-L/opt/local/lib'
checked program was:
/* begin */
 1: #include "ruby.h"
 2: 
 3: /*top*/
 4: extern int t(void);
 5: int main(int argc, char **argv)
 6: {
 7:   if (argc > 1000000) {
 8:     printf("%p", &t);
 9:   }
10: 
11:   return 0;
12: }
13: int t(void) { xmlRelaxNGSetValidStructuredErrors(); return 0; }
/* end */

--------------------

have_func: checking for xmlSchemaSetValidStructuredErrors()... -------------------- yes

"/usr/bin/clang -o conftest -I/Users/crashlytics/buildAgent/work/2484be8b71880c21/bundle-2.28.3/fastlane_lib/bundle/include/ruby-2.2.0/x86_64-darwin15 -I/Users/crashlytics/buildAgent/work/2484be8b71880c21/bundle-2.28.3/fastlane_lib/bundle/include/ruby-2.2.0/ruby/backward -I/Users/crashlytics/buildAgent/work/2484be8b71880c21/bundle-2.28.3/fastlane_lib/bundle/include/ruby-2.2.0 -I. -I/opt/local/include/libxml2 -I/usr/local/include/libxml2 -I/Users/crashlytics/buildAgent/work/2484be8b71880c21/bundle-2.28.3/fastlane_lib/bundle/include/libxml2 -I/opt/local/include -I/usr/local/include -I/Users/crashlytics/buildAgent/work/2484be8b71880c21/bundle-2.28.3/fastlane_lib/bundle/include -I/Applications/Xcode-7.3.1.app/Contents/Developer/Platforms/MacOSX.platform/Developer/SDKs/MacOSX10.11.sdk/usr/include/libxml2 -I/usr/include -I/usr/include/libxml2 -I/Users/crashlytics/buildAgent/work/2484be8b71880c21/bundle-2.28.3/fastlane_lib/dependencies/include -D_XOPEN_SOURCE -D_DARWIN_C_SOURCE -D_DARWIN_UNLIMITED_SELECT -D_REENTRANT   -mmacosx-version-min=10.10 -isysroot /Applications/Xcode-7.3.1.app/Contents/Developer/Platforms/MacOSX.platform/Developer/SDKs/MacOSX10.11.sdk -pipe -mmacosx-version-min=10.10 -isysroot /Applications/Xcode-7.3.1.app/Contents/Developer/Platforms/MacOSX.platform/Developer/SDKs/MacOSX10.11.sdk -g -DXP_UNIX conftest.c  -L/opt/local/lib -L/usr/local/lib -L/Users/crashlytics/buildAgent/work/2484be8b71880c21/bundle-2.28.3/fastlane_lib/bundle/lib -L/usr/lib -L. -L/Users/crashlytics/buildAgent/work/2484be8b71880c21/bundle-2.28.3/fastlane_lib/bundle/lib -L. -L/Users/crashlytics/buildAgent/work/2484be8b71880c21/bundle-2.28.3/fastlane_lib/dependencies/lib -fstack-protector    -lexslt -lxslt -lxml2 -liconv  -lruby-static -framework CoreFoundation -lexslt -lxslt -lxml2 -liconv  -lpthread -ldl -lobjc  "
conftest.c:13:57: error: use of undeclared identifier 'xmlSchemaSetValidStructuredErrors'
int t(void) { void ((*volatile p)()); p = (void ((*)()))xmlSchemaSetValidStructuredErrors; return 0; }
                                                        ^
1 error generated.
checked program was:
/* begin */
 1: #include "ruby.h"
 2: 
 3: /*top*/
 4: extern int t(void);
 5: int main(int argc, char **argv)
 6: {
 7:   if (argc > 1000000) {
 8:     printf("%p", &t);
 9:   }
10: 
11:   return 0;
12: }
13: int t(void) { void ((*volatile p)()); p = (void ((*)()))xmlSchemaSetValidStructuredErrors; return 0; }
/* end */

"/usr/bin/clang -o conftest -I/Users/crashlytics/buildAgent/work/2484be8b71880c21/bundle-2.28.3/fastlane_lib/bundle/include/ruby-2.2.0/x86_64-darwin15 -I/Users/crashlytics/buildAgent/work/2484be8b71880c21/bundle-2.28.3/fastlane_lib/bundle/include/ruby-2.2.0/ruby/backward -I/Users/crashlytics/buildAgent/work/2484be8b71880c21/bundle-2.28.3/fastlane_lib/bundle/include/ruby-2.2.0 -I. -I/opt/local/include/libxml2 -I/usr/local/include/libxml2 -I/Users/crashlytics/buildAgent/work/2484be8b71880c21/bundle-2.28.3/fastlane_lib/bundle/include/libxml2 -I/opt/local/include -I/usr/local/include -I/Users/crashlytics/buildAgent/work/2484be8b71880c21/bundle-2.28.3/fastlane_lib/bundle/include -I/Applications/Xcode-7.3.1.app/Contents/Developer/Platforms/MacOSX.platform/Developer/SDKs/MacOSX10.11.sdk/usr/include/libxml2 -I/usr/include -I/usr/include/libxml2 -I/Users/crashlytics/buildAgent/work/2484be8b71880c21/bundle-2.28.3/fastlane_lib/dependencies/include -D_XOPEN_SOURCE -D_DARWIN_C_SOURCE -D_DARWIN_UNLIMITED_SELECT -D_REENTRANT   -mmacosx-version-min=10.10 -isysroot /Applications/Xcode-7.3.1.app/Contents/Developer/Platforms/MacOSX.platform/Developer/SDKs/MacOSX10.11.sdk -pipe -mmacosx-version-min=10.10 -isysroot /Applications/Xcode-7.3.1.app/Contents/Developer/Platforms/MacOSX.platform/Developer/SDKs/MacOSX10.11.sdk -g -DXP_UNIX conftest.c  -L/opt/local/lib -L/usr/local/lib -L/Users/crashlytics/buildAgent/work/2484be8b71880c21/bundle-2.28.3/fastlane_lib/bundle/lib -L/usr/lib -L. -L/Users/crashlytics/buildAgent/work/2484be8b71880c21/bundle-2.28.3/fastlane_lib/bundle/lib -L. -L/Users/crashlytics/buildAgent/work/2484be8b71880c21/bundle-2.28.3/fastlane_lib/dependencies/lib -fstack-protector    -lexslt -lxslt -lxml2 -liconv  -lruby-static -framework CoreFoundation -lexslt -lxslt -lxml2 -liconv  -lpthread -ldl -lobjc  "
conftest.c:13:15: warning: implicit declaration of function 'xmlSchemaSetValidStructuredErrors' is invalid in C99 [-Wimplicit-function-declaration]
int t(void) { xmlSchemaSetValidStructuredErrors(); return 0; }
              ^
1 warning generated.
ld: warning: directory not found for option '-L/opt/local/lib'
checked program was:
/* begin */
 1: #include "ruby.h"
 2: 
 3: /*top*/
 4: extern int t(void);
 5: int main(int argc, char **argv)
 6: {
 7:   if (argc > 1000000) {
 8:     printf("%p", &t);
 9:   }
10: 
11:   return 0;
12: }
13: int t(void) { xmlSchemaSetValidStructuredErrors(); return 0; }
/* end */

--------------------

have_func: checking for xmlSchemaSetParserStructuredErrors()... -------------------- yes

"/usr/bin/clang -o conftest -I/Users/crashlytics/buildAgent/work/2484be8b71880c21/bundle-2.28.3/fastlane_lib/bundle/include/ruby-2.2.0/x86_64-darwin15 -I/Users/crashlytics/buildAgent/work/2484be8b71880c21/bundle-2.28.3/fastlane_lib/bundle/include/ruby-2.2.0/ruby/backward -I/Users/crashlytics/buildAgent/work/2484be8b71880c21/bundle-2.28.3/fastlane_lib/bundle/include/ruby-2.2.0 -I. -I/opt/local/include/libxml2 -I/usr/local/include/libxml2 -I/Users/crashlytics/buildAgent/work/2484be8b71880c21/bundle-2.28.3/fastlane_lib/bundle/include/libxml2 -I/opt/local/include -I/usr/local/include -I/Users/crashlytics/buildAgent/work/2484be8b71880c21/bundle-2.28.3/fastlane_lib/bundle/include -I/Applications/Xcode-7.3.1.app/Contents/Developer/Platforms/MacOSX.platform/Developer/SDKs/MacOSX10.11.sdk/usr/include/libxml2 -I/usr/include -I/usr/include/libxml2 -I/Users/crashlytics/buildAgent/work/2484be8b71880c21/bundle-2.28.3/fastlane_lib/dependencies/include -D_XOPEN_SOURCE -D_DARWIN_C_SOURCE -D_DARWIN_UNLIMITED_SELECT -D_REENTRANT   -mmacosx-version-min=10.10 -isysroot /Applications/Xcode-7.3.1.app/Contents/Developer/Platforms/MacOSX.platform/Developer/SDKs/MacOSX10.11.sdk -pipe -mmacosx-version-min=10.10 -isysroot /Applications/Xcode-7.3.1.app/Contents/Developer/Platforms/MacOSX.platform/Developer/SDKs/MacOSX10.11.sdk -g -DXP_UNIX conftest.c  -L/opt/local/lib -L/usr/local/lib -L/Users/crashlytics/buildAgent/work/2484be8b71880c21/bundle-2.28.3/fastlane_lib/bundle/lib -L/usr/lib -L. -L/Users/crashlytics/buildAgent/work/2484be8b71880c21/bundle-2.28.3/fastlane_lib/bundle/lib -L. -L/Users/crashlytics/buildAgent/work/2484be8b71880c21/bundle-2.28.3/fastlane_lib/dependencies/lib -fstack-protector    -lexslt -lxslt -lxml2 -liconv  -lruby-static -framework CoreFoundation -lexslt -lxslt -lxml2 -liconv  -lpthread -ldl -lobjc  "
conftest.c:13:57: error: use of undeclared identifier 'xmlSchemaSetParserStructuredErrors'
int t(void) { void ((*volatile p)()); p = (void ((*)()))xmlSchemaSetParserStructuredErrors; return 0; }
                                                        ^
1 error generated.
checked program was:
/* begin */
 1: #include "ruby.h"
 2: 
 3: /*top*/
 4: extern int t(void);
 5: int main(int argc, char **argv)
 6: {
 7:   if (argc > 1000000) {
 8:     printf("%p", &t);
 9:   }
10: 
11:   return 0;
12: }
13: int t(void) { void ((*volatile p)()); p = (void ((*)()))xmlSchemaSetParserStructuredErrors; return 0; }
/* end */

"/usr/bin/clang -o conftest -I/Users/crashlytics/buildAgent/work/2484be8b71880c21/bundle-2.28.3/fastlane_lib/bundle/include/ruby-2.2.0/x86_64-darwin15 -I/Users/crashlytics/buildAgent/work/2484be8b71880c21/bundle-2.28.3/fastlane_lib/bundle/include/ruby-2.2.0/ruby/backward -I/Users/crashlytics/buildAgent/work/2484be8b71880c21/bundle-2.28.3/fastlane_lib/bundle/include/ruby-2.2.0 -I. -I/opt/local/include/libxml2 -I/usr/local/include/libxml2 -I/Users/crashlytics/buildAgent/work/2484be8b71880c21/bundle-2.28.3/fastlane_lib/bundle/include/libxml2 -I/opt/local/include -I/usr/local/include -I/Users/crashlytics/buildAgent/work/2484be8b71880c21/bundle-2.28.3/fastlane_lib/bundle/include -I/Applications/Xcode-7.3.1.app/Contents/Developer/Platforms/MacOSX.platform/Developer/SDKs/MacOSX10.11.sdk/usr/include/libxml2 -I/usr/include -I/usr/include/libxml2 -I/Users/crashlytics/buildAgent/work/2484be8b71880c21/bundle-2.28.3/fastlane_lib/dependencies/include -D_XOPEN_SOURCE -D_DARWIN_C_SOURCE -D_DARWIN_UNLIMITED_SELECT -D_REENTRANT   -mmacosx-version-min=10.10 -isysroot /Applications/Xcode-7.3.1.app/Contents/Developer/Platforms/MacOSX.platform/Developer/SDKs/MacOSX10.11.sdk -pipe -mmacosx-version-min=10.10 -isysroot /Applications/Xcode-7.3.1.app/Contents/Developer/Platforms/MacOSX.platform/Developer/SDKs/MacOSX10.11.sdk -g -DXP_UNIX conftest.c  -L/opt/local/lib -L/usr/local/lib -L/Users/crashlytics/buildAgent/work/2484be8b71880c21/bundle-2.28.3/fastlane_lib/bundle/lib -L/usr/lib -L. -L/Users/crashlytics/buildAgent/work/2484be8b71880c21/bundle-2.28.3/fastlane_lib/bundle/lib -L. -L/Users/crashlytics/buildAgent/work/2484be8b71880c21/bundle-2.28.3/fastlane_lib/dependencies/lib -fstack-protector    -lexslt -lxslt -lxml2 -liconv  -lruby-static -framework CoreFoundation -lexslt -lxslt -lxml2 -liconv  -lpthread -ldl -lobjc  "
conftest.c:13:15: warning: implicit declaration of function 'xmlSchemaSetParserStructuredErrors' is invalid in C99 [-Wimplicit-function-declaration]
int t(void) { xmlSchemaSetParserStructuredErrors(); return 0; }
              ^
1 warning generated.
ld: warning: directory not found for option '-L/opt/local/lib'
checked program was:
/* begin */
 1: #include "ruby.h"
 2: 
 3: /*top*/
 4: extern int t(void);
 5: int main(int argc, char **argv)
 6: {
 7:   if (argc > 1000000) {
 8:     printf("%p", &t);
 9:   }
10: 
11:   return 0;
12: }
13: int t(void) { xmlSchemaSetParserStructuredErrors(); return 0; }
/* end */

--------------------

